0 info it worked if it ends with ok
1 verbose cli [ '/usr/share/node-v6.9.3-linux-x64/bin/node',
1 verbose cli   '/usr/share/node-v6.9.3-linux-x64/bin/npm',
1 verbose cli   'start' ]
2 info using npm@4.0.5
3 info using node@v6.9.3
4 verbose stack Error: Failed to parse json
4 verbose stack Trailing comma in object at 53:3
4 verbose stack   },
4 verbose stack   ^
4 verbose stack     at parseError (/usr/share/node-v6.9.3-linux-x64/lib/node_modules/npm/node_modules/read-package-json/read-json.js:390:11)
4 verbose stack     at parseJson (/usr/share/node-v6.9.3-linux-x64/lib/node_modules/npm/node_modules/read-package-json/read-json.js:79:23)
4 verbose stack     at /usr/share/node-v6.9.3-linux-x64/lib/node_modules/npm/node_modules/read-package-json/read-json.js:48:5
4 verbose stack     at /usr/share/node-v6.9.3-linux-x64/lib/node_modules/npm/node_modules/graceful-fs/graceful-fs.js:78:16
4 verbose stack     at tryToString (fs.js:455:3)
4 verbose stack     at FSReqWrap.readFileAfterClose [as oncomplete] (fs.js:442:12)
5 verbose cwd /root/MEAN01
6 error Linux 4.6.0-kali1-amd64
7 error argv "/usr/share/node-v6.9.3-linux-x64/bin/node" "/usr/share/node-v6.9.3-linux-x64/bin/npm" "start"
8 error node v6.9.3
9 error npm  v4.0.5
10 error file /root/MEAN01/package.json
11 error code EJSONPARSE
12 error Failed to parse json
12 error Trailing comma in object at 53:3
12 error   },
12 error   ^
13 error File: /root/MEAN01/package.json
14 error Failed to parse package.json data.
14 error package.json must be actual JSON, not just JavaScript.
14 error
14 error This is not a bug in npm.
14 error Tell the package author to fix their package.json file. JSON.parse
15 verbose exit [ 1, true ]
